Starting security scan at 2025-04-11_15-33-17
Scanning for vulnerabilities...
found 0 vulnerabilities
./scripts/security-scan.sh: line 10: snyk: command not found
./scripts/security-scan.sh: line 13: dependency-check: command not found
Scanning dependencies...
Package                   Current    Wanted   Latest  Location                              Depended by
@clerk/nextjs              6.14.2    6.14.3   6.14.3  node_modules/@clerk/nextjs            vibewell
@react-three/drei         9.122.0   9.122.0   10.0.6  node_modules/@react-three/drei        vibewell
@react-three/fiber         8.18.0    8.18.0    9.1.2  node_modules/@react-three/fiber       vibewell
@stripe/react-stripe-js     2.9.0     2.9.0    3.6.0  node_modules/@stripe/react-stripe-js  vibewell
@stripe/stripe-js           3.5.0     3.5.0    7.0.0  node_modules/@stripe/stripe-js        vibewell
@types/node              20.17.30  20.17.30  22.14.0  node_modules/@types/node              vibewell
@types/react              18.3.20   18.3.20   19.1.0  node_modules/@types/react             vibewell
@types/react-dom           18.3.6    18.3.6   19.1.2  node_modules/@types/react-dom         vibewell
autocannon                 7.15.0    7.15.0    8.0.0  node_modules/autocannon               vibewell
cypress                   13.17.0   13.17.0   14.3.0  node_modules/cypress                  vibewell
eslint-config-next         15.2.5    15.2.5   15.3.0  node_modules/eslint-config-next       vibewell
ioredis                     5.6.0     5.6.1    5.6.1  node_modules/ioredis                  vibewell
next                       15.2.5    15.2.5   15.3.0  node_modules/next                     vibewell
node-fetch                  2.7.0     2.7.0    3.3.2  node_modules/node-fetch               vibewell
react                      18.3.1    18.3.1   19.1.0  node_modules/react                    vibewell
react-day-picker            9.6.5     9.6.6    9.6.6  node_modules/react-day-picker         vibewell
react-dom                  18.3.1    18.3.1   19.1.0  node_modules/react-dom                vibewell
stripe                    14.25.0   14.25.0   18.0.0  node_modules/stripe                   vibewell
tailwind-merge              2.6.0     2.6.0    3.2.0  node_modules/tailwind-merge           vibewell
three                     0.159.0   0.159.0  0.175.0  node_modules/three                    vibewell
zustand                     4.5.6     4.5.6    5.0.3  node_modules/zustand                  vibewell
found 0 vulnerabilities
./scripts/security-scan.sh: line 26: license-checker: command not found
Scanning code...
./scripts/security-scan.sh: line 33: eslint: command not found
./scripts/security-scan.sh: line 36: sonar-scanner: command not found
./scripts/security-scan.sh: line 39: bandit: command not found
Scanning network...
./scripts/security-scan.sh: line 46: nmap: command not found
Active LOCAL (UNIX) domain sockets
Address          Type   Recv-Q Send-Q            Inode             Conn             Refs          Nextref Addr
9a1e352e3b952c51 stream      0      0                0 1b976cd8244c7dc2                0                0
1b976cd8244c7dc2 stream      0      0                0 9a1e352e3b952c51                0                0
2856240592eeee0f stream      0      0                0 718672b0531662ec                0                0
718672b0531662ec stream      0      0                0 2856240592eeee0f                0                0
814ff2153a85927c stream      0      0                0 ca5167d0520fdee1                0                0
ca5167d0520fdee1 stream      0      0                0 814ff2153a85927c                0                0
8076917ee5a84919 stream      0      0                0  29e194159196d20                0                0
 29e194159196d20 stream      0      0                0 8076917ee5a84919                0                0
d8160ffbb284be38 stream      0      0                0 5cc0f119a94d0347                0                0
5cc0f119a94d0347 stream      0      0                0 d8160ffbb284be38                0                0
bf92874893f1083a stream      0      0                0 8ba9403d143fd324                0                0
8ba9403d143fd324 stream      0      0                0 bf92874893f1083a                0                0
a1af4bcea8bae302 stream      0      0                0  3b7eff24bfc6beb                0                0
 3b7eff24bfc6beb stream      0      0                0 a1af4bcea8bae302                0                0
d04660a109c383f2 stream      0      0                0 f245cc5022ce1d6b                0                0
f245cc5022ce1d6b stream      0      0                0 d04660a109c383f2                0                0
dcb3ad993c62084e stream      0      0                0 811b30261c04c203                0                0
811b30261c04c203 stream      0      0                0 dcb3ad993c62084e                0                0
9f39cd14365168e8 stream      0      0                0 1d6672d23f516990                0                0 /var/run/mDNSResponder
1d6672d23f516990 stream      0      0                0 9f39cd14365168e8                0                0
a7e5c50024e611c4 stream      0      0                0 324ddb828534dcb8                0                0 /var/run/mDNSResponder
324ddb828534dcb8 stream      0      0                0 a7e5c50024e611c4                0                0
90db847fcde2858e stream      0      0                0 a3749f6d22c5d24e                0                0 /var/run/mDNSResponder
a3749f6d22c5d24e stream      0      0                0 90db847fcde2858e                0                0
2b682bbf5b3e4875 stream      0      0                0 447a4449a6733a86                0                0 /var/run/mDNSResponder
447a4449a6733a86 stream      0      0                0 2b682bbf5b3e4875                0                0
77d8af4323fc7edf stream      0      0                0 bcb6d5a81dc94279                0                0 /var/run/mDNSResponder
bcb6d5a81dc94279 stream      0      0                0 77d8af4323fc7edf                0                0
66188f9d73dc6492 stream      0      0                0 9c32a4f7c12d6498                0                0 /var/run/mDNSResponder
9c32a4f7c12d6498 stream      0      0                0 66188f9d73dc6492                0                0
 bf1bc6b345a48d5 stream      0      0                0 235c4c74dba46d6a                0                0 /var/run/mDNSResponder
235c4c74dba46d6a stream      0      0                0  bf1bc6b345a48d5                0                0
b27d219d4c0e7e9c stream      0      0                0 e5e83e69c99c79e4                0                0 /var/run/mDNSResponder
e5e83e69c99c79e4 stream      0      0                0 b27d219d4c0e7e9c                0                0
73b7e13485755516 stream      0      0                0   d931996f09c0ac                0                0 /var/run/mDNSResponder
  d931996f09c0ac stream      0      0                0 73b7e13485755516                0                0
a00a90ce3643a2b2 stream      0      0                0 c62a2a410f4120db                0                0 /var/run/mDNSResponder
c62a2a410f4120db stream      0      0                0 a00a90ce3643a2b2                0                0
b8774186b254a166 stream      0      0                0 cc1353510247aebb                0                0
cc1353510247aebb stream      0      0                0 b8774186b254a166                0                0
bc5c6f19db27a6bd stream      0      0                0 d0b65edaaa20a75d                0                0
d0b65edaaa20a75d stream      0      0                0 bc5c6f19db27a6bd                0                0
d285929eb0a76ac4 stream      0      0                0 11c67fbd52bda968                0                0
11c67fbd52bda968 stream      0      0                0 d285929eb0a76ac4                0                0
d7e227b267537657 stream      0      0                0  7cfdfe0c6c8f19b                0                0
 7cfdfe0c6c8f19b stream      0      0                0 d7e227b267537657                0                0
266eefbd89f4f2b1 stream      0      0                0  3fc8be98e85c102                0                0 /var/run/mDNSResponder
 3fc8be98e85c102 stream      0      0                0 266eefbd89f4f2b1                0                0
82e7bd775ad1bb2c stream      0      0                0 3b26105a4db6b5df                0                0
3b26105a4db6b5df stream      0      0                0 82e7bd775ad1bb2c                0                0
f1e00063735786fa stream      0      0                0 f8b1e144a2934435                0                0
f8b1e144a2934435 stream      0      0                0 f1e00063735786fa                0                0
7d05649a786730a5 stream      0      0                0 ad71c8d18b27ef14                0                0
ad71c8d18b27ef14 stream      0      0                0 7d05649a786730a5                0                0
9828a2b790ecf99d stream      0      0                0 af7fe37c15dc7f8b                0                0
af7fe37c15dc7f8b stream   7532      0                0 9828a2b790ecf99d                0                0
e841e45486be95ec stream      0      0                0 8ff7b30c584b3ec7                0                0
8ff7b30c584b3ec7 stream      0      0                0 e841e45486be95ec                0                0
e2cfe9ea59c1ce30 stream      0      0                0 af1263016a583424                0                0
af1263016a583424 stream      0      0                0 e2cfe9ea59c1ce30                0                0
78c50956f4f93b33 stream      0      0                0 963433150dac4c68                0                0 /var/run/mDNSResponder
963433150dac4c68 stream      0      0                0 78c50956f4f93b33                0                0
66992ff87ded1697 stream      0      0                0 bc31b83a23cccfcf                0                0 /var/run/mDNSResponder
bc31b83a23cccfcf stream      0      0                0 66992ff87ded1697                0                0
3ede59af5d5049a4 stream      0      0                0 87d85dde783100e2                0                0 /var/run/mDNSResponder
87d85dde783100e2 stream      0      0                0 3ede59af5d5049a4                0                0
c1a3b6f70816140a stream      0      0 89fb14d72d8809fa                0                0                0 /var/folders/gw/1m4v1mzs21b56h_f_yql4rxh0000gn/T/.com.google.chrome.for.testing.ruV4x1/SingletonSocket
b840af914e4c69c6 stream      0      0                0 72fae35593354884                0                0
72fae35593354884 stream      0      0                0 b840af914e4c69c6                0                0
88df9c2825f0834f stream      0      0                0 6e984970feb3cfdd                0                0
6e984970feb3cfdd stream      0      0                0 88df9c2825f0834f                0                0
 411abb1e9fe1fe0 stream      0      0 902068ba88cc6d72                0                0                0 /var/folders/gw/1m4v1mzs21b56h_f_yql4rxh0000gn/T/.com.google.chrome.for.testing.vy7kQW/SingletonSocket
 560f65a739cae31 stream      0      0                0 5f78760151c3c90b                0                0
5f78760151c3c90b stream      0      0                0  560f65a739cae31                0                0
ccb0b55b66c13b09 stream      0      0                0 ee380fc4d72e667c                0                0
ee380fc4d72e667c stream      0      0                0 ccb0b55b66c13b09                0                0
7dd31561e6ab235f stream      0      0 20507365e3726991                0                0                0 /var/folders/gw/1m4v1mzs21b56h_f_yql4rxh0000gn/T/.com.google.chrome.for.testing.0cmE6W/SingletonSocket
357281ed84e693d9 stream      0      0                0 e3c67420e6247769                0                0
e3c67420e6247769 stream      0      0                0 357281ed84e693d9                0                0
373cea8a5586d7dd stream      0      0                0 9f34a19a6ce02a05                0                0
9f34a19a6ce02a05 stream      0      0                0 373cea8a5586d7dd                0                0
12f56b0c2ea38cbb stream      0      0 c587ef37f96c2e9f                0                0                0 /var/folders/gw/1m4v1mzs21b56h_f_yql4rxh0000gn/T/.com.google.chrome.for.testing.aObtkm/SingletonSocket
aade3e4d1e30229b stream      0      0 6c44b5bef15147ab                0                0                0 /var/folders/gw/1m4v1mzs21b56h_f_yql4rxh0000gn/T/.com.google.chrome.for.testing.eaLPe2/SingletonSocket
bb170adb1794b603 stream      0      0                0                0                0                0
55e00d771242ccd8 stream      0      0                0                0                0                0
 ace04e3234b38b0 stream      0      0                0                0                0                0
916fe5db57dbec94 stream      0      0                0                0                0                0
38490434ab58538e stream      0      0 5da396b4db584150                0                0                0 /var/folders/gw/1m4v1mzs21b56h_f_yql4rxh0000gn/T/.com.google.chrome.for.testing.Up90wH/SingletonSocket
cd9012ff07cc3ca4 stream      0      0                0                0                0                0
6b451aa0c1445422 stream      0      0                0                0                0                0
31416da6a4fdc4a7 stream      0      0 a4f6ca844a8fae7f                0                0                0 /var/folders/gw/1m4v1mzs21b56h_f_yql4rxh0000gn/T/.com.google.chrome.for.testing.BPVTDX/SingletonSocket
7bd6a4a171ccd942 stream      0      0                0                0                0                0
bc002c17e1b6fb07 stream      0      0                0                0                0                0
d6b98f73f6f632ab stream      0      0                0 c859fb619cd32e5e                0                0 /var/run/mDNSResponder
c859fb619cd32e5e stream      0      0                0 d6b98f73f6f632ab                0                0
18ebbd5dd3ef0316 stream      0      0                0 84e75eac8db0db63                0                0 /var/run/mDNSResponder
84e75eac8db0db63 stream      0      0                0 18ebbd5dd3ef0316                0                0
b16c1be3e4af85c7 stream      0      0                0 44f101b987ad7f7f                0                0
44f101b987ad7f7f stream      0      0                0 b16c1be3e4af85c7                0                0
b8969b21e109ed5c stream      0      0                0 6806e00fd98ccdd5                0                0
6806e00fd98ccdd5 stream      0      0                0 b8969b21e109ed5c                0                0
25cc06ded6c47ad0 stream      0      0                0 f5bab03f11865d9a                0                0
f5bab03f11865d9a stream      0      0                0 25cc06ded6c47ad0                0                0
85985f39cbef4fe2 stream      0      0                0 e7a0b888db743a74                0                0
e7a0b888db743a74 stream      0      0                0 85985f39cbef4fe2                0                0
94c9855da682feec stream      0      0                0 d92745a7792c4bbe                0                0
d92745a7792c4bbe stream      0      0                0 94c9855da682feec                0                0
ca45bdb8adb4fb84 stream      0      0                0 90f213fc5f18cadc                0                0
90f213fc5f18cadc stream      0      0                0 ca45bdb8adb4fb84                0                0
5d192b66e1371738 stream      0      0                0 9793336a8b15d44c                0                0
9793336a8b15d44c stream      0      0                0 5d192b66e1371738                0                0
4044c0728f096f8e stream      0      0                0 523d1e3dc112b2fe                0                0
523d1e3dc112b2fe stream      0      0                0 4044c0728f096f8e                0                0
741a9e8132b08412 stream      0      0                0 f390c12d94f0a715                0                0
f390c12d94f0a715 stream      0      0                0 741a9e8132b08412                0                0
20256abdf0657694 stream      0      0                0 7852961d951f540b                0                0 /var/run/mDNSResponder
7852961d951f540b stream      0      0                0 20256abdf0657694                0                0
12806d806c10f7c0 stream      0      0 57d0aa6dce892d15                0                0                0 /Users/mb/Library/Application Support/Cursor/0.48-main.sock
8cfa0ed6f82e3818 stream      0      0 65a463a2de972cc0                0                0                0 /var/folders/gw/1m4v1mzs21b56h_f_yql4rxh0000gn/T/.com.google.Chrome.UKskt1/SingletonSocket
6c09a4e4bda6dd50 stream      0      0                0 977067a4623e6268                0                0 /var/run/mDNSResponder
17642cb6e480dbb6 stream      0      0                0 9c5c39b0ead26412                0                0 /var/run/mDNSResponder
977067a4623e6268 stream      0      0                0 6c09a4e4bda6dd50                0                0
5f90b1a9ec05e881 stream      0      0                0 7ec809ad6f34d23b                0                0 /var/run/mDNSResponder
9c5c39b0ead26412 stream      0      0                0 17642cb6e480dbb6                0                0
7ec809ad6f34d23b stream      0      0                0 5f90b1a9ec05e881                0                0
614eec6791844530 stream      0      0                0 6e31445d3f27b4cc                0                0 /var/run/mDNSResponder
6e31445d3f27b4cc stream      0      0                0 614eec6791844530                0                0
c9a85b02b15411b1 stream      0      0                0 999a2ab2a8d812b3                0                0 /var/run/mDNSResponder
999a2ab2a8d812b3 stream      0      0                0 c9a85b02b15411b1                0                0
59d1683e10af91ce stream      0      0                0 7d01bca9cb517d94                0                0 /var/run/mDNSResponder
51d17208fb93c679 stream      0      0                0 3196003aa506d0ac                0                0 /var/run/mDNSResponder
10d966aa05578b87 stream      0      0                0  d9cc76c1dd44432                0                0 /var/run/mDNSResponder
1d2f9c99537d37ec stream      0      0                0 31f874ff7a301b00                0                0 /var/run/mDNSResponder
 d9cc76c1dd44432 stream      0      0                0 10d966aa05578b87                0                0
3196003aa506d0ac stream      0      0                0 51d17208fb93c679                0                0
7d01bca9cb517d94 stream      0      0                0 59d1683e10af91ce                0                0
31f874ff7a301b00 stream      0      0                0 1d2f9c99537d37ec                0                0
cf278e13bd75996c stream      0      0                0 c663af3ec07dd577                0                0 /var/run/mDNSResponder
c663af3ec07dd577 stream      0      0                0 cf278e13bd75996c                0                0
a6aa98ef0373222f stream      0      0 294d945b5981bd7d                0                0                0 /var/folders/gw/1m4v1mzs21b56h_f_yql4rxh0000gn/T/scoped_dirYtwNQO/SingletonSocket
840825df7bf95862 stream      0      0                0 f4940f708a9233d1                0                0 /var/run/mDNSResponder
f4940f708a9233d1 stream      0      0                0 840825df7bf95862                0                0
e95b2ff0f32718da stream      0      0                0 25b0f5c8f674707c                0                0 /var/run/usbmuxd
25b0f5c8f674707c stream      0      0                0 e95b2ff0f32718da                0                0
60b489540909aa82 stream      0      0                0 ba22edc9bccf7154                0                0 /var/run/usbmuxd
ba22edc9bccf7154 stream      0      0                0 60b489540909aa82                0                0
be5184b66b01f7fc stream      0      0                0 e881bf1d45563efa                0                0 /var/run/mDNSResponder
e881bf1d45563efa stream      0      0                0 be5184b66b01f7fc                0                0
fb1f67d889a31a25 stream      0      0                0 19de716422dd5359                0                0 /var/run/mDNSResponder
19de716422dd5359 stream      0      0                0 fb1f67d889a31a25                0                0
8ef0787804326015 stream      0      0                0  7625fe189e7873b                0                0 /var/run/mDNSResponder
 7625fe189e7873b stream      0      0                0 8ef0787804326015                0                0
d8bc9425ed798975 stream      0      0                0 fc82a963672d9942                0                0 /var/run/mDNSResponder
fc82a963672d9942 stream      0      0                0 d8bc9425ed798975                0                0
6e216a24616d981f stream      0      0                0 c0ef684171e05dac                0                0 /var/run/mDNSResponder
c0ef684171e05dac stream      0      0                0 6e216a24616d981f                0                0
eced1b911a84d26a stream      0      0  6e1b894550f9b87                0                0                0 /var/run/filesystemui.socket
347dee3500618589 stream      0      0 ce8e6840d705cab8                0                0                0 /private/tmp/com.apple.launchd.45SskJjBaR/Listeners
82000aaede9a34cf stream      0      0                0 88be79875966c447                0                0 /var/run/mDNSResponder
88be79875966c447 stream      0      0                0 82000aaede9a34cf                0                0
4c6382cdf3a7d509 stream      0      0 83ec8c1329400505                0                0                0 /var/run/com.docker.vmnetd.sock
6d9108347bf2645d stream      0      0                0 7489ff70ffe1d1c1                0                0
7489ff70ffe1d1c1 stream      0      0                0 6d9108347bf2645d                0                0
2dae1d095091036c stream      0      0 16bde27c3082fb61                0                0                0 /var/run/pppconfd
97418733e0de116a stream      0      0 966e6fc8f284a298                0                0                0 /var/run/displaypolicyd/state
534e15c5190b9c20 stream      0      0 bdc632e73d8ca33a                0                0                0 /var/run/usbmuxd
e2c2213810bf36e0 stream      0      0 4975e8bb5f6a0895                0                0                0 /var/rpc/ncalrpc/srvsvc
5a2463fd65358e22 stream      0      0 33389be4153a7c07                0                0                0 /var/rpc/ncacn_np/srvsvc
2936a38b66c9fe14 stream      0      0 fb418f529de749ad                0                0                0 /var/rpc/ncalrpc/wkssvc
6a50f5c15ebd4709 stream      0      0 fc9ff41bf7bfa0de                0                0                0 /var/rpc/ncacn_np/wkssvc
5033d13cd656441b stream      0      0 6e30432977356005                0                0                0 /var/rpc/ncacn_np/mdssvc
fd6c63fa58664aa5 stream      0      0 99271b9ff5333a63                0                0                0 /var/rpc/ncalrpc/lsarpc
74a41756968dbbba stream      0      0 d5ae217fcb024040                0                0                0 /var/rpc/ncacn_np/lsarpc
acf68fbb82c5bfbd stream      0      0 4e258e78160995aa                0                0                0 /var/run/mDNSResponder
75df8adde8120477 stream      0      0 aae97e7cd63c1bac                0                0                0 /var/run/systemkeychaincheck.socket
772a3ba0a9a21991 stream      0      0 56add9f5668ea776                0                0                0 /private/var/run/.sim_diagnosticd_socket
a11032a9f2bf77da stream      0      0 b89fa0b00d7bac45                0                0                0 /var/run/portmap.socket
d9ee8709057b4e2f stream      0      0 78a19a63567fcea1                0                0                0 /var/run/vpncontrol.sock
6f2edc97902055a8 stream      0      0 8c9d0cf3e995563a                0                0                0 /var/rpc/ncalrpc/NETLOGON
8611f7acfb01d1bb stream      0      0 4c2fcbac1654be8e                0                0                0 /private/var/run/cupsd
unexpected kind 275 which 0x113
50a6d1064d123540 dgram       0      0                0 692d85be9155bce6                0 dbcdf9d26fda16f5
dbcdf9d26fda16f5 dgram       0      0                0 692d85be9155bce6                0 1af9cb543df94c67
1af9cb543df94c67 dgram       0      0                0 692d85be9155bce6                0 33afbec0058ae5d5
33afbec0058ae5d5 dgram       0      0                0 692d85be9155bce6                0 f0492e6575108fe8
f0492e6575108fe8 dgram       0      0                0 692d85be9155bce6                0 7a60079c107eb7a3
7a60079c107eb7a3 dgram       0      0                0 692d85be9155bce6                0 ccec4e232846f1fc
ccec4e232846f1fc dgram       0      0                0 692d85be9155bce6                0  11566d2884c8b5c
 11566d2884c8b5c dgram       0      0                0 692d85be9155bce6                0 c32e3684d43eccc9
c32e3684d43eccc9 dgram       0      0                0 692d85be9155bce6                0 59eb8d8a3f55ce63
59eb8d8a3f55ce63 dgram       0      0                0 692d85be9155bce6                0 d42a12c186ee4b62
d42a12c186ee4b62 dgram       0      0                0 692d85be9155bce6                0 346c3a9d7f72d588
346c3a9d7f72d588 dgram       0      0                0 692d85be9155bce6                0 dc2820dbc8b5813b
dc2820dbc8b5813b dgram       0      0                0 692d85be9155bce6                0 8e4260513cecd512
8e4260513cecd512 dgram       0      0                0 692d85be9155bce6                0 32896b62887d7b5f
32896b62887d7b5f dgram       0      0                0 692d85be9155bce6                0 6478a36c8ed3a7b8
6478a36c8ed3a7b8 dgram       0      0                0 692d85be9155bce6                0 746d227bdf345b65
746d227bdf345b65 dgram       0      0                0 692d85be9155bce6                0  fe880bbd93f459f
 fe880bbd93f459f dgram       0      0                0 692d85be9155bce6                0 ca5c8d1093dc4719
ca5c8d1093dc4719 dgram       0      0                0 692d85be9155bce6                0 781b4cf15bec189b
781b4cf15bec189b dgram       0      0                0 692d85be9155bce6                0 5b538cc1f995c8c2
5b538cc1f995c8c2 dgram       0      0                0 692d85be9155bce6                0 70879bcb4ce54709
70879bcb4ce54709 dgram       0      0                0 692d85be9155bce6                0 b15f9e1048101946
b15f9e1048101946 dgram       0      0                0 692d85be9155bce6                0 d4e5ae89663cb9ac
d4e5ae89663cb9ac dgram       0      0                0 692d85be9155bce6                0 6482b659fbd48d32
6482b659fbd48d32 dgram       0      0                0 692d85be9155bce6                0 fd9a7b4a499966d9
fd9a7b4a499966d9 dgram       0      0                0 692d85be9155bce6                0 f57e2b7aed0569a2
f57e2b7aed0569a2 dgram       0      0                0 692d85be9155bce6                0 3d401c9210e0f2b0
3d401c9210e0f2b0 dgram       0      0                0 692d85be9155bce6                0 6b7952e23d3125d6
6b7952e23d3125d6 dgram       0      0                0 692d85be9155bce6                0 6c61fba483521a3b
6c61fba483521a3b dgram       0      0                0 692d85be9155bce6                0 366d634d5cff458a
366d634d5cff458a dgram       0      0                0 692d85be9155bce6                0 347c320d358273f2
5af865044fa924e3 dgram       0      0                0 28184d6ee1d75d4b 28184d6ee1d75d4b                0
28184d6ee1d75d4b dgram       0      0                0 5af865044fa924e3 5af865044fa924e3                0
347c320d358273f2 dgram       0      0                0 692d85be9155bce6                0 ab76d8e89f4c5130
ab76d8e89f4c5130 dgram       0      0                0 692d85be9155bce6                0 fe054fb29e172e68
fe054fb29e172e68 dgram       0      0                0 692d85be9155bce6                0 8403b4ef7bc78df2
8403b4ef7bc78df2 dgram       0      0                0 692d85be9155bce6                0 c5699f41acde81e3
c5699f41acde81e3 dgram       0      0                0 692d85be9155bce6                0 2bd926298c1121a4
4e0644c1955fe642 dgram       0      0                0 df69b230a2f20dd3 df69b230a2f20dd3                0
df69b230a2f20dd3 dgram       0      0                0 4e0644c1955fe642 4e0644c1955fe642                0
2bd926298c1121a4 dgram       0      0                0 692d85be9155bce6                0 3a78401b8ba0320a
3a78401b8ba0320a dgram       0      0                0 692d85be9155bce6                0 68efe033d31f7e53
68efe033d31f7e53 dgram       0      0                0 692d85be9155bce6                0 b2110266aecd1119
b2110266aecd1119 dgram       0      0                0 692d85be9155bce6                0  829ebc6f994b7b3
 829ebc6f994b7b3 dgram       0      0                0 692d85be9155bce6                0 d494a6506e2c2db5
d494a6506e2c2db5 dgram       0      0                0 692d85be9155bce6                0 2a5c3e53947a4dfb
2a5c3e53947a4dfb dgram       0      0                0 692d85be9155bce6                0 757862fded6d4386
757862fded6d4386 dgram       0      0                0 692d85be9155bce6                0 f053550be6f5d163
93b4da7f558f8f40 dgram       0      0                0 11ec957cf36b7d3a 11ec957cf36b7d3a                0
11ec957cf36b7d3a dgram       0      0                0 93b4da7f558f8f40 93b4da7f558f8f40                0
f053550be6f5d163 dgram       0      0                0 692d85be9155bce6                0 723a7260570436e7
723a7260570436e7 dgram       0      0                0 692d85be9155bce6                0 d22965d1c54c93d4
d22965d1c54c93d4 dgram       0      0                0 692d85be9155bce6                0 27269e89fca58e88
27269e89fca58e88 dgram       0      0                0 692d85be9155bce6                0 4cbbe2765fe6909d
4cbbe2765fe6909d dgram       0      0                0 692d85be9155bce6                0 4cd4da68138e9d55
4cd4da68138e9d55 dgram       0      0                0 692d85be9155bce6                0 b0b0c72359b39bf9
b0b0c72359b39bf9 dgram       0      0                0 692d85be9155bce6                0 75219ed495040ded
75219ed495040ded dgram       0      0                0 692d85be9155bce6                0  5ddccf01b4a7875
 5ddccf01b4a7875 dgram       0      0                0 692d85be9155bce6                0 6c319e1154832fd7
6c319e1154832fd7 dgram       0      0                0 692d85be9155bce6                0 eb92ee53c15f7a45
eb92ee53c15f7a45 dgram       0      0                0 692d85be9155bce6                0 7a67f3eb23b19a9d
7a67f3eb23b19a9d dgram       0      0                0 692d85be9155bce6                0 c0af60e913f38f64
c0af60e913f38f64 dgram       0      0                0 692d85be9155bce6                0 4e53eb296ddec86e
4e53eb296ddec86e dgram       0      0                0 692d85be9155bce6                0 11692d994f21f8f8
11692d994f21f8f8 dgram       0      0                0 692d85be9155bce6                0 ef6637cec3e18417
ef6637cec3e18417 dgram       0      0                0 692d85be9155bce6                0 3dead7198031fe6a
3dead7198031fe6a dgram       0      0                0 692d85be9155bce6                0 121f84d45a66bcaf
121f84d45a66bcaf dgram       0      0                0 692d85be9155bce6                0 d612c6a964ffc062
d612c6a964ffc062 dgram       0      0                0 692d85be9155bce6                0 9bb1d24b98500305
9bb1d24b98500305 dgram       0      0                0 692d85be9155bce6                0 76ac753d6ac50e7e
76ac753d6ac50e7e dgram       0      0                0 692d85be9155bce6                0 b81c494dfc5e2a33
b81c494dfc5e2a33 dgram       0      0                0 692d85be9155bce6                0 2ed10b44c8312585
2ed10b44c8312585 dgram       0      0                0 692d85be9155bce6                0 ccfd9b9f85286004
ccfd9b9f85286004 dgram       0      0                0 692d85be9155bce6                0 f5bb601e3b16ed69
f5bb601e3b16ed69 dgram       0      0                0 692d85be9155bce6                0 6b869fe035ee9299
 6df5f91c26e9444 dgram       0      0                0 314d7f3bddbedadc 314d7f3bddbedadc                0
314d7f3bddbedadc dgram       0      0                0  6df5f91c26e9444  6df5f91c26e9444                0
6b869fe035ee9299 dgram       0      0                0 692d85be9155bce6                0 5d6619d91309e067
6d5386a6e9fa76db dgram       0      0                0 4228bf716b097a9a 4228bf716b097a9a                0
4228bf716b097a9a dgram       0      0                0 6d5386a6e9fa76db 6d5386a6e9fa76db                0
5d6619d91309e067 dgram       0      0                0 692d85be9155bce6                0 6a7dd17c16164c56
6a7dd17c16164c56 dgram       0      0                0 692d85be9155bce6                0 d132a97f88fd1547
a0476956ace0bd0a dgram       0      0                0 4353673fa918b458 4353673fa918b458                0
4353673fa918b458 dgram       0      0                0 a0476956ace0bd0a a0476956ace0bd0a                0
d132a97f88fd1547 dgram       0      0                0 692d85be9155bce6                0 23d30d078426cfad
23d30d078426cfad dgram       0      0                0 692d85be9155bce6                0 aa78c55a52381046
aa78c55a52381046 dgram       0      0                0 692d85be9155bce6                0 45f2d9c7b35bf483
b0eccb8f4abfbf8f dgram       0      0                0 8bfe44c494fee503 8bfe44c494fee503                0
8bfe44c494fee503 dgram       0      0                0 b0eccb8f4abfbf8f b0eccb8f4abfbf8f                0
45f2d9c7b35bf483 dgram       0      0                0 692d85be9155bce6                0 d246ca2b003519bb
d246ca2b003519bb dgram       0      0                0 692d85be9155bce6                0 3b973da7ccd97493
3b973da7ccd97493 dgram       0      0                0 692d85be9155bce6                0 6d6a1b0efcb8d7f3
6d6a1b0efcb8d7f3 dgram       0      0                0 692d85be9155bce6                0 9ac4d917da49e5e7
9ac4d917da49e5e7 dgram       0      0                0 692d85be9155bce6                0                0
692d85be9155bce6 dgram       0      0 617d2bcb0af75f71                0 50a6d1064d123540                0 /private//var/run/syslog
unexpected kind 275 which 0x113
./scripts/security-scan.sh: line 52: sslscan: command not found
